
Bookモデルのテスト
  バリデーションのテスト
    titleカラム
[32m      空欄でないこと[0m
    bodyカラム
[32m      空欄でないこと[0m
[32m      200文字以下であること: 200文字は〇[0m
[32m      200文字以下であること: 201文字は×[0m
  アソシエーションのテスト
    Userモデルとの関係
[32m      N:1となっている[0m

Userモデルのテスト
  バリデーションのテスト
    nameカラム
[32m      空欄でないこと[0m
[32m      2文字以上であること: 1文字は×[0m
[32m      2文字以上であること: 2文字は〇[0m
[32m      20文字以下であること: 20文字は〇[0m
[32m      20文字以下であること: 21文字は×[0m
[32m      一意性があること[0m
    introductionカラム
[32m      50文字以下であること: 50文字は〇[0m
[32m      50文字以下であること: 51文字は×[0m
  アソシエーションのテスト
    Bookモデルとの関係
[32m      1:Nとなっている[0m

[STEP1] ユーザログイン前のテスト
  トップ画面のテスト
    表示内容の確認
[32m      URLが正しい[0m
[32m      Log inリンクが表示される: 青色のボタンの表示が「Log in」である[0m
[32m      Log inリンクの内容が正しい[0m
[32m      Sign upリンクが表示される: 緑色のボタンの表示が「Sign up」である[0m
[31m      Sign upリンクの内容が正しい (FAILED - 1)[0m
  アバウト画面のテスト
    表示内容の確認
[31m      URLが正しい (FAILED - 2)[0m
  ヘッダーのテスト: ログインしていない場合
    表示内容の確認
[32m      Bookersリンクが表示される: 左上から1番目のリンクが「Bookers」である[0m
[32m      Homeリンクが表示される: 左上から2番目のリンクが「Home」である[0m
[32m      Aboutリンクが表示される: 左上から3番目のリンクが「About」である[0m
[31m      Sign upリンクが表示される: 左上から4番目のリンクが「Sign up」である (FAILED - 3)[0m
[32m      Log inリンクが表示される: 左上から5番目のリンクが「Log in」である[0m
    リンクの内容を確認
[32m      Bookersを押すと、トップ画面に遷移する[0m
[32m      Homeを押すと、トップ画面に遷移する[0m
[31m      Aboutを押すと、アバウト画面に遷移する (FAILED - 4)[0m
[32m      Sign upを押すと、新規登録画面に遷移する[0m
[32m      Log inを押すと、ログイン画面に遷移する[0m
  ユーザ新規登録のテスト
    表示内容の確認
[32m      URLが正しい[0m
[32m      「Sign up」と表示される[0m
[32m      nameフォームが表示される[0m
[32m      emailフォームが表示される[0m
[32m      passwordフォームが表示される[0m
[32m      password_confirmationフォームが表示される[0m
[32m      Sign upボタンが表示される[0m
    新規登録成功のテスト
[32m      正しく新規登録される[0m
[32m      新規登録後のリダイレクト先が、新規登録できたユーザの詳細画面になっている[0m
  ユーザログイン
    表示内容の確認
[32m      URLが正しい[0m
[32m      「Log in」と表示される[0m
[32m      nameフォームが表示される[0m
[32m      passwordフォームが表示される[0m
[32m      Log inボタンが表示される[0m
[32m      emailフォームは表示されない[0m
    ログイン成功のテスト
[32m      ログイン後のリダイレクト先が、ログインしたユーザの詳細画面になっている[0m
    ログイン失敗のテスト
[32m      ログインに失敗し、ログイン画面にリダイレクトされる[0m
  ヘッダーのテスト: ログインしている場合
    ヘッダーの表示を確認
[32m      Bookersリンクが表示される: 左上から1番目のリンクが「Bookers」である[0m
[32m      Homeリンクが表示される: 左上から2番目のリンクが「Home」である[0m
[32m      Usersリンクが表示される: 左上から3番目のリンクが「Users」である[0m
[32m      Booksリンクが表示される: 左上から4番目のリンクが「Books」である[0m
[32m      Log outリンクが表示される: 左上から5番目のリンクが「Log out」である[0m
  ユーザログアウトのテスト
    ログアウト機能のテスト
[31m      正しくログアウトできている: ログアウト後のリダイレクト先においてAbout画面へのリンクが存在する (FAILED - 5)[0m
[32m      ログアウト後のリダイレクト先が、トップになっている[0m

[STEP2] ユーザログイン後のテスト
  ヘッダーのテスト: ログインしている場合
    リンクの内容を確認: ※logoutは『ユーザログアウトのテスト』でテスト済みになります。
[32m      Homeを押すと、自分のユーザ詳細画面に遷移する[0m
[32m      Usersを押すと、ユーザ一覧画面に遷移する[0m
[32m      Booksを押すと、投稿一覧画面に遷移する[0m
  投稿一覧画面のテスト
    表示内容の確認
[32m      URLが正しい[0m
[31m      自分と他人の画像のリンク先が正しい (FAILED - 6)[0m
[31m      自分の投稿と他人の投稿のタイトルのリンク先がそれぞれ正しい (FAILED - 7)[0m
[32m      自分の投稿と他人の投稿のオピニオンが表示される[0m
    サイドバーの確認
[32m      自分の名前と紹介文が表示される[0m
[32m      自分のユーザ編集画面へのリンクが存在する[0m
[32m      「New book」と表示される[0m
[32m      titleフォームが表示される[0m
[32m      titleフォームに値が入っていない[0m
[32m      opinionフォームが表示される[0m
[32m      opinionフォームに値が入っていない[0m
[31m      Create Bookボタンが表示される (FAILED - 8)[0m
    投稿成功のテスト
[31m      自分の新しい投稿が正しく保存される (FAILED - 9)[0m
[31m      リダイレクト先が、保存できた投稿の詳細画面になっている (FAILED - 10)[0m
  自分の投稿詳細画面のテスト
    表示内容の確認
[32m      URLが正しい[0m
[32m      「Book detail」と表示される[0m
[32m      ユーザ画像・名前のリンク先が正しい[0m
[32m      投稿のtitleが表示される[0m
[32m      投稿のopinionが表示される[0m
[32m      投稿の編集リンクが表示される[0m
[32m      投稿の削除リンクが表示される[0m
    サイドバーの確認
[32m      自分の名前と紹介文が表示される[0m
[32m      自分のユーザ編集画面へのリンクが存在する[0m
[32m      「New book」と表示される[0m
[32m      titleフォームが表示される[0m
[32m      titleフォームに値が入っていない[0m
[32m      opinionフォームが表示される[0m
[32m      opinionフォームに値が入っていない[0m
[31m      Create Bookボタンが表示される (FAILED - 11)[0m
    投稿成功のテスト
[31m      自分の新しい投稿が正しく保存される (FAILED - 12)[0m
    編集リンクのテスト
[32m      編集画面に遷移する[0m
    削除リンクのテスト
[32m      application.html.erbにjavascript_pack_tagを含んでいる[0m
[32m      正しく削除される[0m
[32m      リダイレクト先が、投稿一覧画面になっている[0m
  自分の投稿編集画面のテスト
    表示の確認
[32m      URLが正しい[0m
[32m      「Editing Book」と表示される[0m
[32m      title編集フォームが表示される[0m
[32m      opinion編集フォームが表示される[0m
[32m      Update Bookボタンが表示される[0m
[32m      Showリンクが表示される[0m
[32m      Backリンクが表示される[0m
    編集成功のテスト
[32m      titleが正しく更新される[0m
[32m      bodyが正しく更新される[0m
[32m      リダイレクト先が、更新した投稿の詳細画面になっている[0m
  ユーザ一覧画面のテスト
    表示内容の確認
[32m      URLが正しい[0m
[32m      自分と他人の画像が表示される: fallbackの画像がサイドバーの1つ＋一覧(2人)の2つの計3つ存在する[0m
[31m      自分と他人の名前がそれぞれ表示される (FAILED - 13)[0m
[31m      自分と他人のshowリンクがそれぞれ表示される (FAILED - 14)[0m
    サイドバーの確認
[32m      自分の名前と紹介文が表示される[0m
[32m      自分のユーザ編集画面へのリンクが存在する[0m
[32m      「New book」と表示される[0m
[32m      titleフォームが表示される[0m
[32m      titleフォームに値が入っていない[0m
[32m      opinionフォームが表示される[0m
[32m      opinionフォームに値が入っていない[0m
[31m      Create Bookボタンが表示される (FAILED - 15)[0m
  自分のユーザ詳細画面のテスト
    表示の確認
[32m      URLが正しい[0m
[32m      投稿一覧のユーザ画像のリンク先が正しい[0m
[31m      投稿一覧に自分の投稿のtitleが表示され、リンクが正しい (FAILED - 16)[0m
[32m      投稿一覧に自分の投稿のopinionが表示される[0m
[31m      他人の投稿は表示されない (FAILED - 17)[0m
    サイドバーの確認
[32m      自分の名前と紹介文が表示される[0m
[32m      自分のユーザ編集画面へのリンクが存在する[0m
[32m      「New book」と表示される[0m
[32m      titleフォームが表示される[0m
[32m      titleフォームに値が入っていない[0m
[32m      opinionフォームが表示される[0m
[32m      opinionフォームに値が入っていない[0m
[31m      Create Bookボタンが表示される (FAILED - 18)[0m
  自分のユーザ情報編集画面のテスト
    表示の確認
[32m      URLが正しい[0m
[32m      名前編集フォームに自分の名前が表示される[0m
[32m      画像編集フォームが表示される[0m
[32m      自己紹介編集フォームに自分の自己紹介文が表示される[0m
[32m      Update Userボタンが表示される[0m
    更新成功のテスト
[32m      nameが正しく更新される[0m
[32m      introductionが正しく更新される[0m
[32m      リダイレクト先が、自分のユーザ詳細画面になっている[0m

[STEP3] 仕上げのテスト
  サクセスメッセージのテスト
[32m    ユーザ新規登録成功時[0m
[32m    ユーザログイン成功時[0m
[32m    ユーザログアウト成功時[0m
[31m    ユーザのプロフィール情報更新成功時 (FAILED - 19)[0m
[31m    投稿データの新規投稿成功時: 投稿一覧画面から行います。 (FAILED - 20)[0m
[32m    投稿データの更新成功時[0m
  処理失敗時のテスト
    ユーザ新規登録失敗: nameを1文字にする
[32m      新規登録されない[0m
[32m      新規登録画面を表示しており、フォームの内容が正しい[0m
[32m      バリデーションエラーが表示される[0m
    ユーザのプロフィール情報編集失敗: nameを1文字にする
[32m      更新されない[0m
[32m      ユーザ編集画面を表示しており、フォームの内容が正しい[0m
[32m      バリデーションエラーが表示される[0m
    投稿データの新規投稿失敗: 投稿一覧画面から行い、titleを空にする
[31m      投稿が保存されない (FAILED - 21)[0m
[31m      投稿一覧画面を表示している (FAILED - 22)[0m
[32m      新規投稿フォームの内容が正しい[0m
[31m      バリデーションエラーが表示される (FAILED - 23)[0m
    投稿データの更新失敗: titleを空にする
[32m      投稿が更新されない[0m
[32m      投稿編集画面を表示しており、フォームの内容が正しい[0m
[31m      エラーメッセージが表示される (FAILED - 24)[0m
  ログインしていない場合のアクセス制限のテスト: アクセスできず、ログイン画面に遷移する
[32m    ユーザ一覧画面[0m
[32m    ユーザ詳細画面[0m
[32m    ユーザ情報編集画面[0m
[32m    投稿一覧画面[0m
[32m    投稿詳細画面[0m
[32m    投稿編集画面[0m
  他人の画面のテスト
    他人の投稿詳細画面のテスト
      表示内容の確認
[32m        URLが正しい[0m
[32m        「Book detail」と表示される[0m
[31m        ユーザ画像・名前のリンク先が正しい (FAILED - 25)[0m
[32m        投稿のtitleが表示される[0m
[32m        投稿のopinionが表示される[0m
[31m        投稿の編集リンクが表示されない (FAILED - 26)[0m
[31m        投稿の削除リンクが表示されない (FAILED - 27)[0m
      サイドバーの確認
[31m        他人の名前と紹介文が表示される (FAILED - 28)[0m
[31m        他人のユーザ編集画面へのリンクが存在する (FAILED - 29)[0m
[31m        自分の名前と紹介文は表示されない (FAILED - 30)[0m
[31m        自分のユーザ編集画面へのリンクは存在しない (FAILED - 31)[0m
    他人の投稿編集画面
[31m      遷移できず、投稿一覧画面にリダイレクトされる (FAILED - 32)[0m
    他人のユーザ詳細画面のテスト
      表示の確認
[32m        URLが正しい[0m
[31m        投稿一覧のユーザ画像のリンク先が正しい (FAILED - 33)[0m
[32m        投稿一覧に他人の投稿のtitleが表示され、リンクが正しい[0m
[32m        投稿一覧に他人の投稿のopinionが表示される[0m
[31m        自分の投稿は表示されない (FAILED - 34)[0m
      サイドバーの確認
[31m        他人の名前と紹介文が表示される (FAILED - 35)[0m
[31m        他人のユーザ編集画面へのリンクが存在する (FAILED - 36)[0m
[31m        自分の名前と紹介文は表示されない (FAILED - 37)[0m
[31m        自分のユーザ編集画面へのリンクは存在しない (FAILED - 38)[0m
    他人のユーザ情報編集画面
[31m      遷移できず、自分のユーザ詳細画面にリダイレクトされる (FAILED - 39)[0m
  グリッドシステムのテスト: container, row, col-md-〇を正しく使えている
[32m    ユーザ一覧画面[0m
[32m    ユーザ詳細画面[0m
[32m    投稿一覧画面[0m
[32m    投稿詳細画面[0m
  アイコンのテスト
    トップ画面
[32m      本のアイコンが表示される[0m
    アバウト画面
[31m      本のアイコンが表示される (FAILED - 40)[0m
    ヘッダー: ログインしていない場合
[32m      Homeリンクのアイコンが表示される[0m
[32m      Aboutリンクのアイコンが表示される[0m
[32m      Sign upリンクのアイコンが表示される[0m
[32m      Log inリンクのアイコンが表示される[0m
    ヘッダー: ログインしている場合
[32m      Homeリンクのアイコンが表示される[0m
[32m      Usersリンクのアイコンが表示される[0m
[32m      Booksリンクのアイコンが表示される[0m
      Log outリンクのアイコンが表示される
    サイドバー
      ユーザ一覧画面でレンチアイコンが表示される
      ユーザ詳細画面でレンチアイコンが表示される
      投稿一覧画面でレンチアイコンが表示される
      投稿詳細画面でレンチアイコンが表示される

Failures:

  1) [STEP1] ユーザログイン前のテスト トップ画面のテスト 表示内容の確認 Sign upリンクの内容が正しい
     Failure/Error: expect(page).to have_link sign_up_link, href: new_user_registration_path
       expected to find link "Sign up" with href "/users/sign_up" but there were no matches
     # ./spec/system/01_before_login_spec.rb:27:in `block (4 levels) in <main>'

  2) [STEP1] ユーザログイン前のテスト アバウト画面のテスト 表示内容の確認 URLが正しい
     Failure/Error: visit '/home/about'

     ActionController::RoutingError:
       No route matches [GET] "/home/about"
     # /home/ec2-user/.rvm/gems/ruby-2.6.3/gems/railties-6.1.5/lib/rails/rack/logger.rb:37:in `call_app'
     # /home/ec2-user/.rvm/gems/ruby-2.6.3/gems/railties-6.1.5/lib/rails/rack/logger.rb:26:in `block in call'
     # /home/ec2-user/.rvm/gems/ruby-2.6.3/gems/railties-6.1.5/lib/rails/rack/logger.rb:26:in `call'
     # /home/ec2-user/.rvm/gems/ruby-2.6.3/gems/rack-2.2.3/lib/rack/method_override.rb:24:in `call'
     # /home/ec2-user/.rvm/gems/ruby-2.6.3/gems/rack-2.2.3/lib/rack/runtime.rb:22:in `call'
     # /home/ec2-user/.rvm/gems/ruby-2.6.3/gems/rack-2.2.3/lib/rack/sendfile.rb:110:in `call'
     # /home/ec2-user/.rvm/gems/ruby-2.6.3/gems/railties-6.1.5/lib/rails/engine.rb:539:in `call'
     # /home/ec2-user/.rvm/gems/ruby-2.6.3/gems/rack-2.2.3/lib/rack/urlmap.rb:74:in `block in call'
     # /home/ec2-user/.rvm/gems/ruby-2.6.3/gems/rack-2.2.3/lib/rack/urlmap.rb:58:in `each'
     # /home/ec2-user/.rvm/gems/ruby-2.6.3/gems/rack-2.2.3/lib/rack/urlmap.rb:58:in `call'
     # /home/ec2-user/.rvm/gems/ruby-2.6.3/gems/rack-2.2.3/lib/rack/builder.rb:244:in `call'
     # /home/ec2-user/.rvm/gems/ruby-2.6.3/gems/rack-test-1.1.0/lib/rack/mock_session.rb:29:in `request'
     # /home/ec2-user/.rvm/gems/ruby-2.6.3/gems/rack-test-1.1.0/lib/rack/test.rb:266:in `process_request'
     # /home/ec2-user/.rvm/gems/ruby-2.6.3/gems/rack-test-1.1.0/lib/rack/test.rb:129:in `custom_request'
     # /home/ec2-user/.rvm/gems/ruby-2.6.3/gems/rack-test-1.1.0/lib/rack/test.rb:58:in `get'
     # /home/ec2-user/.rvm/gems/ruby-2.6.3/gems/capybara-3.36.0/lib/capybara/rack_test/browser.rb:72:in `process'
     # /home/ec2-user/.rvm/gems/ruby-2.6.3/gems/capybara-3.36.0/lib/capybara/rack_test/browser.rb:47:in `process_and_follow_redirects'
     # /home/ec2-user/.rvm/gems/ruby-2.6.3/gems/capybara-3.36.0/lib/capybara/rack_test/browser.rb:24:in `visit'
     # /home/ec2-user/.rvm/gems/ruby-2.6.3/gems/capybara-3.36.0/lib/capybara/rack_test/driver.rb:46:in `visit'
     # /home/ec2-user/.rvm/gems/ruby-2.6.3/gems/capybara-3.36.0/lib/capybara/session.rb:278:in `visit'
     # /home/ec2-user/.rvm/gems/ruby-2.6.3/gems/capybara-3.36.0/lib/capybara/dsl.rb:58:in `block (2 levels) in <module:DSL>'
     # ./spec/system/01_before_login_spec.rb:34:in `block (3 levels) in <main>'

  3) [STEP1] ユーザログイン前のテスト ヘッダーのテスト: ログインしていない場合 表示内容の確認 Sign upリンクが表示される: 左上から4番目のリンクが「Sign up」である
     Failure/Error: expect(signup_link).to match(/Sign up/)

       expected "\n              Sing up\n" to match /Sign up/
       Diff:[0m
       [0m[34m@@ -1,2 +1,3 @@
       [0m[31m-/Sign up/
       [0m[32m+
       [0m[32m+              Sing up
       [0m
     # ./spec/system/01_before_login_spec.rb:64:in `block (4 levels) in <main>'

  4) [STEP1] ユーザログイン前のテスト ヘッダーのテスト: ログインしていない場合 リンクの内容を確認 Aboutを押すと、アバウト画面に遷移する
     Failure/Error: is_expected.to eq '/home/about'

       expected: "/home/about"
            got: "/homes/about"

       (compared using ==)
     # ./spec/system/01_before_login_spec.rb:93:in `block (4 levels) in <main>'

  5) [STEP1] ユーザログイン前のテスト ユーザログアウトのテスト ログアウト機能のテスト 正しくログアウトできている: ログアウト後のリダイレクト先においてAbout画面へのリンクが存在する
     Failure/Error: expect(page).to have_link '', href: '/home/about'
       expected to find link "" with href "/home/about" but there were no matches
     # ./spec/system/01_before_login_spec.rb:259:in `block (4 levels) in <main>'

  6) [STEP2] ユーザログイン後のテスト 投稿一覧画面のテスト 表示内容の確認 自分と他人の画像のリンク先が正しい
     Failure/Error: expect(page).to have_link '', href: user_path(other_book.user)
       expected to find link "" with href "/users/1" but there were no matches
     # ./spec/system/02_after_login_spec.rb:52:in `block (4 levels) in <main>'

  7) [STEP2] ユーザログイン後のテスト 投稿一覧画面のテスト 表示内容の確認 自分の投稿と他人の投稿のタイトルのリンク先がそれぞれ正しい
     Failure/Error: expect(page).to have_link book.title, href: book_path(book)
       expected to find link "ehr48" with href "/books/1" but there were no matches
     # ./spec/system/02_after_login_spec.rb:55:in `block (4 levels) in <main>'

  8) [STEP2] ユーザログイン後のテスト 投稿一覧画面のテスト サイドバーの確認 Create Bookボタンが表示される
     Failure/Error: expect(page).to have_button 'Create Book'
       expected to find button "Create Book" that is not disabled but there were no matches
     # ./spec/system/02_after_login_spec.rb:88:in `block (4 levels) in <main>'

  9) [STEP2] ユーザログイン後のテスト 投稿一覧画面のテスト 投稿成功のテスト 自分の新しい投稿が正しく保存される
     Failure/Error: expect { click_button 'Create Book' }.to change(user.books, :count).by(1)

     Capybara::ElementNotFound:
       Unable to find button "Create Book" that is not disabled
     # /home/ec2-user/.rvm/gems/ruby-2.6.3/gems/capybara-3.36.0/lib/capybara/node/finders.rb:303:in `block in synced_resolve'
     # /home/ec2-user/.rvm/gems/ruby-2.6.3/gems/capybara-3.36.0/lib/capybara/node/base.rb:83:in `synchronize'
     # /home/ec2-user/.rvm/gems/ruby-2.6.3/gems/capybara-3.36.0/lib/capybara/node/finders.rb:292:in `synced_resolve'
     # /home/ec2-user/.rvm/gems/ruby-2.6.3/gems/capybara-3.36.0/lib/capybara/node/finders.rb:53:in `find'
     # /home/ec2-user/.rvm/gems/ruby-2.6.3/gems/capybara-3.36.0/lib/capybara/node/actions.rb:58:in `click_button'
     # /home/ec2-user/.rvm/gems/ruby-2.6.3/gems/capybara-3.36.0/lib/capybara/session.rb:778:in `block (2 levels) in <class:Session>'
     # /home/ec2-user/.rvm/gems/ruby-2.6.3/gems/capybara-3.36.0/lib/capybara/dsl.rb:58:in `block (2 levels) in <module:DSL>'
     # ./spec/system/02_after_login_spec.rb:99:in `block (5 levels) in <main>'
     # ./spec/system/02_after_login_spec.rb:99:in `block (4 levels) in <main>'

  10) [STEP2] ユーザログイン後のテスト 投稿一覧画面のテスト 投稿成功のテスト リダイレクト先が、保存できた投稿の詳細画面になっている
      Failure/Error: click_button 'Create Book'

      Capybara::ElementNotFound:
        Unable to find button "Create Book" that is not disabled
      # /home/ec2-user/.rvm/gems/ruby-2.6.3/gems/capybara-3.36.0/lib/capybara/node/finders.rb:303:in `block in synced_resolve'
      # /home/ec2-user/.rvm/gems/ruby-2.6.3/gems/capybara-3.36.0/lib/capybara/node/base.rb:83:in `synchronize'
      # /home/ec2-user/.rvm/gems/ruby-2.6.3/gems/capybara-3.36.0/lib/capybara/node/finders.rb:292:in `synced_resolve'
      # /home/ec2-user/.rvm/gems/ruby-2.6.3/gems/capybara-3.36.0/lib/capybara/node/finders.rb:53:in `find'
      # /home/ec2-user/.rvm/gems/ruby-2.6.3/gems/capybara-3.36.0/lib/capybara/node/actions.rb:58:in `click_button'
      # /home/ec2-user/.rvm/gems/ruby-2.6.3/gems/capybara-3.36.0/lib/capybara/session.rb:778:in `block (2 levels) in <class:Session>'
      # /home/ec2-user/.rvm/gems/ruby-2.6.3/gems/capybara-3.36.0/lib/capybara/dsl.rb:58:in `block (2 levels) in <module:DSL>'
      # ./spec/system/02_after_login_spec.rb:102:in `block (4 levels) in <main>'

  11) [STEP2] ユーザログイン後のテスト 自分の投稿詳細画面のテスト サイドバーの確認 Create Bookボタンが表示される
      Failure/Error: expect(page).to have_button 'Create Book'
        expected to find button "Create Book" that is not disabled but there were no matches
      # ./spec/system/02_after_login_spec.rb:161:in `block (4 levels) in <main>'

  12) [STEP2] ユーザログイン後のテスト 自分の投稿詳細画面のテスト 投稿成功のテスト 自分の新しい投稿が正しく保存される
      Failure/Error: expect { click_button 'Create Book' }.to change(user.books, :count).by(1)

      Capybara::ElementNotFound:
        Unable to find button "Create Book" that is not disabled
      # /home/ec2-user/.rvm/gems/ruby-2.6.3/gems/capybara-3.36.0/lib/capybara/node/finders.rb:303:in `block in synced_resolve'
      # /home/ec2-user/.rvm/gems/ruby-2.6.3/gems/capybara-3.36.0/lib/capybara/node/base.rb:83:in `synchronize'
      # /home/ec2-user/.rvm/gems/ruby-2.6.3/gems/capybara-3.36.0/lib/capybara/node/finders.rb:292:in `synced_resolve'
      # /home/ec2-user/.rvm/gems/ruby-2.6.3/gems/capybara-3.36.0/lib/capybara/node/finders.rb:53:in `find'
      # /home/ec2-user/.rvm/gems/ruby-2.6.3/gems/capybara-3.36.0/lib/capybara/node/actions.rb:58:in `click_button'
      # /home/ec2-user/.rvm/gems/ruby-2.6.3/gems/capybara-3.36.0/lib/capybara/session.rb:778:in `block (2 levels) in <class:Session>'
      # /home/ec2-user/.rvm/gems/ruby-2.6.3/gems/capybara-3.36.0/lib/capybara/dsl.rb:58:in `block (2 levels) in <module:DSL>'
      # ./spec/system/02_after_login_spec.rb:172:in `block (5 levels) in <main>'
      # ./spec/system/02_after_login_spec.rb:172:in `block (4 levels) in <main>'

  13) [STEP2] ユーザログイン後のテスト ユーザ一覧画面のテスト 表示内容の確認 自分と他人の名前がそれぞれ表示される
      Failure/Error: expect(page).to have_content other_user.name
        expected to find text "q3sqbwexb2" in "Bookers\nHome Users Books Log out\nUser info\nname 9calt2zixe introduction e4ipvg3yzc06raaq0fyf\nNew book\nTitle\nOpinion\nUsers\nimage name 9calt2zixe Show 9calt2zixe Show\nCopyRight Infratop.inc"
      # ./spec/system/02_after_login_spec.rb:272:in `block (4 levels) in <main>'

  14) [STEP2] ユーザログイン後のテスト ユーザ一覧画面のテスト 表示内容の確認 自分と他人のshowリンクがそれぞれ表示される
      Failure/Error: expect(page).to have_link 'Show', href: user_path(other_user)
        expected to find link "Show" with href "/users/1" but there were no matches
      # ./spec/system/02_after_login_spec.rb:276:in `block (4 levels) in <main>'

  15) [STEP2] ユーザログイン後のテスト ユーザ一覧画面のテスト サイドバーの確認 Create Bookボタンが表示される
      Failure/Error: expect(page).to have_button 'Create Book'
        expected to find button "Create Book" that is not disabled but there were no matches
      # ./spec/system/02_after_login_spec.rb:304:in `block (4 levels) in <main>'

  16) [STEP2] ユーザログイン後のテスト 自分のユーザ詳細画面のテスト 表示の確認 投稿一覧に自分の投稿のtitleが表示され、リンクが正しい
      Failure/Error: expect(page).to have_link book.title, href: book_path(book)
        expected to find link "5gx3q" with href "/books/1" but there were no matches
      # ./spec/system/02_after_login_spec.rb:322:in `block (4 levels) in <main>'

  17) [STEP2] ユーザログイン後のテスト 自分のユーザ詳細画面のテスト 表示の確認 他人の投稿は表示されない
      Failure/Error: expect(page).not_to have_content other_book.title
        expected not to find text "game5" in "Bookers\nHome Users Books Log out\nUser info\nname pwdmkrmqg6 introduction y8yoooqwzosncbiwq992\nNew book\nTitle\nOpinion\nBooks\nTitle Opinion cv11h botrfmzw2hhhtefglx1o game5 0xo771ekrhz43aontj7s\nCopyRight Infratop.inc"
      # ./spec/system/02_after_login_spec.rb:329:in `block (4 levels) in <main>'

  18) [STEP2] ユーザログイン後のテスト 自分のユーザ詳細画面のテスト サイドバーの確認 Create Bookボタンが表示される
      Failure/Error: expect(page).to have_button 'Create Book'
        expected to find button "Create Book" that is not disabled but there were no matches
      # ./spec/system/02_after_login_spec.rb:358:in `block (4 levels) in <main>'

  19) [STEP3] 仕上げのテスト サクセスメッセージのテスト ユーザのプロフィール情報更新成功時
      Failure/Error: is_expected.to have_content 'successfully'
        expected to find text "successfully" in "Bookers\nHome Users Books Log out\nUser info\nname c2xujszksu introduction 4m83kp1erjpxmmhbj87t\nNew book\nTitle\nOpinion\nBooks\nTitle Opinion oktbg pszmuotva5oxs0l3csqz lntfd rt8ugsj8yegyp86kp71b\nCopyRight Infratop.inc"
      # ./spec/system/03_finishing_touches_spec.rb:45:in `block (3 levels) in <main>'

  20) [STEP3] 仕上げのテスト サクセスメッセージのテスト 投稿データの新規投稿成功時: 投稿一覧画面から行います。
      Failure/Error: click_button 'Create Book'

      Capybara::ElementNotFound:
        Unable to find button "Create Book" that is not disabled
      # /home/ec2-user/.rvm/gems/ruby-2.6.3/gems/capybara-3.36.0/lib/capybara/node/finders.rb:303:in `block in synced_resolve'
      # /home/ec2-user/.rvm/gems/ruby-2.6.3/gems/capybara-3.36.0/lib/capybara/node/base.rb:83:in `synchronize'
      # /home/ec2-user/.rvm/gems/ruby-2.6.3/gems/capybara-3.36.0/lib/capybara/node/finders.rb:292:in `synced_resolve'
      # /home/ec2-user/.rvm/gems/ruby-2.6.3/gems/capybara-3.36.0/lib/capybara/node/finders.rb:53:in `find'
      # /home/ec2-user/.rvm/gems/ruby-2.6.3/gems/capybara-3.36.0/lib/capybara/node/actions.rb:58:in `click_button'
      # /home/ec2-user/.rvm/gems/ruby-2.6.3/gems/capybara-3.36.0/lib/capybara/session.rb:778:in `block (2 levels) in <class:Session>'
      # /home/ec2-user/.rvm/gems/ruby-2.6.3/gems/capybara-3.36.0/lib/capybara/dsl.rb:58:in `block (2 levels) in <module:DSL>'
      # ./spec/system/03_finishing_touches_spec.rb:55:in `block (3 levels) in <main>'

  21) [STEP3] 仕上げのテスト 処理失敗時のテスト 投稿データの新規投稿失敗: 投稿一覧画面から行い、titleを空にする 投稿が保存されない
      Failure/Error: expect { click_button 'Create Book' }.not_to change(Book.all, :count)

      Capybara::ElementNotFound:
        Unable to find button "Create Book" that is not disabled
      # /home/ec2-user/.rvm/gems/ruby-2.6.3/gems/capybara-3.36.0/lib/capybara/node/finders.rb:303:in `block in synced_resolve'
      # /home/ec2-user/.rvm/gems/ruby-2.6.3/gems/capybara-3.36.0/lib/capybara/node/base.rb:83:in `synchronize'
      # /home/ec2-user/.rvm/gems/ruby-2.6.3/gems/capybara-3.36.0/lib/capybara/node/finders.rb:292:in `synced_resolve'
      # /home/ec2-user/.rvm/gems/ruby-2.6.3/gems/capybara-3.36.0/lib/capybara/node/finders.rb:53:in `find'
      # /home/ec2-user/.rvm/gems/ruby-2.6.3/gems/capybara-3.36.0/lib/capybara/node/actions.rb:58:in `click_button'
      # /home/ec2-user/.rvm/gems/ruby-2.6.3/gems/capybara-3.36.0/lib/capybara/session.rb:778:in `block (2 levels) in <class:Session>'
      # /home/ec2-user/.rvm/gems/ruby-2.6.3/gems/capybara-3.36.0/lib/capybara/dsl.rb:58:in `block (2 levels) in <module:DSL>'
      # ./spec/system/03_finishing_touches_spec.rb:132:in `block (5 levels) in <main>'
      # ./spec/system/03_finishing_touches_spec.rb:132:in `block (4 levels) in <main>'

  22) [STEP3] 仕上げのテスト 処理失敗時のテスト 投稿データの新規投稿失敗: 投稿一覧画面から行い、titleを空にする 投稿一覧画面を表示している
      Failure/Error: click_button 'Create Book'

      Capybara::ElementNotFound:
        Unable to find button "Create Book" that is not disabled
      # /home/ec2-user/.rvm/gems/ruby-2.6.3/gems/capybara-3.36.0/lib/capybara/node/finders.rb:303:in `block in synced_resolve'
      # /home/ec2-user/.rvm/gems/ruby-2.6.3/gems/capybara-3.36.0/lib/capybara/node/base.rb:83:in `synchronize'
      # /home/ec2-user/.rvm/gems/ruby-2.6.3/gems/capybara-3.36.0/lib/capybara/node/finders.rb:292:in `synced_resolve'
      # /home/ec2-user/.rvm/gems/ruby-2.6.3/gems/capybara-3.36.0/lib/capybara/node/finders.rb:53:in `find'
      # /home/ec2-user/.rvm/gems/ruby-2.6.3/gems/capybara-3.36.0/lib/capybara/node/actions.rb:58:in `click_button'
      # /home/ec2-user/.rvm/gems/ruby-2.6.3/gems/capybara-3.36.0/lib/capybara/session.rb:778:in `block (2 levels) in <class:Session>'
      # /home/ec2-user/.rvm/gems/ruby-2.6.3/gems/capybara-3.36.0/lib/capybara/dsl.rb:58:in `block (2 levels) in <module:DSL>'
      # ./spec/system/03_finishing_touches_spec.rb:135:in `block (4 levels) in <main>'

  23) [STEP3] 仕上げのテスト 処理失敗時のテスト 投稿データの新規投稿失敗: 投稿一覧画面から行い、titleを空にする バリデーションエラーが表示される
      Failure/Error: click_button 'Create Book'

      Capybara::ElementNotFound:
        Unable to find button "Create Book" that is not disabled
      # /home/ec2-user/.rvm/gems/ruby-2.6.3/gems/capybara-3.36.0/lib/capybara/node/finders.rb:303:in `block in synced_resolve'
      # /home/ec2-user/.rvm/gems/ruby-2.6.3/gems/capybara-3.36.0/lib/capybara/node/base.rb:83:in `synchronize'
      # /home/ec2-user/.rvm/gems/ruby-2.6.3/gems/capybara-3.36.0/lib/capybara/node/finders.rb:292:in `synced_resolve'
      # /home/ec2-user/.rvm/gems/ruby-2.6.3/gems/capybara-3.36.0/lib/capybara/node/finders.rb:53:in `find'
      # /home/ec2-user/.rvm/gems/ruby-2.6.3/gems/capybara-3.36.0/lib/capybara/node/actions.rb:58:in `click_button'
      # /home/ec2-user/.rvm/gems/ruby-2.6.3/gems/capybara-3.36.0/lib/capybara/session.rb:778:in `block (2 levels) in <class:Session>'
      # /home/ec2-user/.rvm/gems/ruby-2.6.3/gems/capybara-3.36.0/lib/capybara/dsl.rb:58:in `block (2 levels) in <module:DSL>'
      # ./spec/system/03_finishing_touches_spec.rb:145:in `block (4 levels) in <main>'

  24) [STEP3] 仕上げのテスト 処理失敗時のテスト 投稿データの更新失敗: titleを空にする エラーメッセージが表示される
      Failure/Error: expect(page).to have_content 'error'
        expected to find text "error" in "Bookers\nHome Users Books Log out\n1件のエラーが発生しました\nTitle can't be blank\n　　　　\nEditing Book\n　　　　　\n　　　　　\n　　　　　 Title 　　　　　\n　　　　　\n　　　　　\n　　　　　 Opinion 　　　　　 gsji47zrpeqyv33eaniw 　　　　　\n　　　　　\n　　　　　 　　　　　\n　　　　　\n　　　　　Show 　　　　　| 　　　　　Back 　　\nCopyRight Infratop.inc"
      # ./spec/system/03_finishing_touches_spec.rb:171:in `block (4 levels) in <main>'

  25) [STEP3] 仕上げのテスト 他人の画面のテスト 他人の投稿詳細画面のテスト 表示内容の確認 ユーザ画像・名前のリンク先が正しい
      Failure/Error: expect(page).to have_link other_book.user.name, href: user_path(other_book.user)
        expected to find link "1kghz84tbo" with href "/users/1" but there were no matches
      # ./spec/system/03_finishing_touches_spec.rb:226:in `block (5 levels) in <main>'

  26) [STEP3] 仕上げのテスト 他人の画面のテスト 他人の投稿詳細画面のテスト 表示内容の確認 投稿の編集リンクが表示されない
      Failure/Error: expect(page).not_to have_link 'Edit'
        expected not to find visible link "Edit", found 1 match: "Edit"
      # ./spec/system/03_finishing_touches_spec.rb:235:in `block (5 levels) in <main>'

  27) [STEP3] 仕上げのテスト 他人の画面のテスト 他人の投稿詳細画面のテスト 表示内容の確認 投稿の削除リンクが表示されない
      Failure/Error: expect(page).not_to have_link 'Destroy'
        expected not to find visible link "Destroy", found 1 match: "Destroy"
      # ./spec/system/03_finishing_touches_spec.rb:238:in `block (5 levels) in <main>'

  28) [STEP3] 仕上げのテスト 他人の画面のテスト 他人の投稿詳細画面のテスト サイドバーの確認 他人の名前と紹介文が表示される
      Failure/Error: expect(page).to have_content other_user.name
        expected to find text "xwbrme4e2m" in "Bookers\nHome Users Books Log out\nUser info\nname 60ff42ombr introduction 3ak0yyfk1m7729cnmn5c\nNew book\nTitle\nOpinion\nBook detail\n60ff42ombr q20j4 5hfgnappsf2z5wwz9wob Edit Destroy 60ff42ombr gzc2b 1envvnxlwd28evsuv0q0\nCopyRight Infratop.inc"
      # ./spec/system/03_finishing_touches_spec.rb:244:in `block (5 levels) in <main>'

  29) [STEP3] 仕上げのテスト 他人の画面のテスト 他人の投稿詳細画面のテスト サイドバーの確認 他人のユーザ編集画面へのリンクが存在する
      Failure/Error: expect(page).to have_link '', href: edit_user_path(other_user)
        expected to find link "" with href "/users/1/edit" but there were no matches
      # ./spec/system/03_finishing_touches_spec.rb:248:in `block (5 levels) in <main>'

  30) [STEP3] 仕上げのテスト 他人の画面のテスト 他人の投稿詳細画面のテスト サイドバーの確認 自分の名前と紹介文は表示されない
      Failure/Error: expect(page).not_to have_content user.name
        expected not to find text "53a25wnu9m" in "Bookers\nHome Users Books Log out\nUser info\nname 53a25wnu9m introduction gt6jp31ql46zt6yvxjpy\nNew book\nTitle\nOpinion\nBook detail\n53a25wnu9m ehpou 7kdltds0bqsyttpdpkmj Edit Destroy 53a25wnu9m rmmcq f8dz7gkeid4vq83nknnw\nCopyRight Infratop.inc"
      # ./spec/system/03_finishing_touches_spec.rb:251:in `block (5 levels) in <main>'

  31) [STEP3] 仕上げのテスト 他人の画面のテスト 他人の投稿詳細画面のテスト サイドバーの確認 自分のユーザ編集画面へのリンクは存在しない
      Failure/Error: expect(page).not_to have_link '', href: edit_user_path(user)
        expected not to find visible link "" with href "/users/2/edit", found 1 match: ""
      # ./spec/system/03_finishing_touches_spec.rb:255:in `block (5 levels) in <main>'

  32) [STEP3] 仕上げのテスト 他人の画面のテスト 他人の投稿編集画面 遷移できず、投稿一覧画面にリダイレクトされる
      Failure/Error: expect(current_path).to eq '/books'

        expected: "/books"
             got: "/books/2/edit"

        (compared using ==)
      # ./spec/system/03_finishing_touches_spec.rb:263:in `block (4 levels) in <main>'

  33) [STEP3] 仕上げのテスト 他人の画面のテスト 他人のユーザ詳細画面のテスト 表示の確認 投稿一覧のユーザ画像のリンク先が正しい
      Failure/Error: expect(page).to have_link '', href: user_path(other_user)
        expected to find link "" with href "/users/1" but there were no matches
      # ./spec/system/03_finishing_touches_spec.rb:277:in `block (5 levels) in <main>'

  34) [STEP3] 仕上げのテスト 他人の画面のテスト 他人のユーザ詳細画面のテスト 表示の確認 自分の投稿は表示されない
      Failure/Error: expect(page).not_to have_content book.title
        expected not to find text "knkz1" in "Bookers\nHome Users Books Log out\nUser info\nname z7976a07k0 introduction cbl1ufnbbydyljs2dj9j\nNew book\nTitle\nOpinion\nBooks\nTitle Opinion knkz1 c7e033ys8gcau35ahyq9 85d14 uvwyyhvs0fibnoazc5vz\nCopyRight Infratop.inc"
      # ./spec/system/03_finishing_touches_spec.rb:286:in `block (5 levels) in <main>'

  35) [STEP3] 仕上げのテスト 他人の画面のテスト 他人のユーザ詳細画面のテスト サイドバーの確認 他人の名前と紹介文が表示される
      Failure/Error: expect(page).to have_content other_user.name
        expected to find text "gl448nhb3h" in "Bookers\nHome Users Books Log out\nUser info\nname 45fql6yiqf introduction ksca1i1vgct3cli660u9\nNew book\nTitle\nOpinion\nBooks\nTitle Opinion 8fo1j wlv9m5qfx5qm0vr16tng iz8kg rhy2mq6uvhqw51l3231t\nCopyRight Infratop.inc"
      # ./spec/system/03_finishing_touches_spec.rb:293:in `block (5 levels) in <main>'

  36) [STEP3] 仕上げのテスト 他人の画面のテスト 他人のユーザ詳細画面のテスト サイドバーの確認 他人のユーザ編集画面へのリンクが存在する
      Failure/Error: expect(page).to have_link '', href: edit_user_path(other_user)
        expected to find link "" with href "/users/1/edit" but there were no matches
      # ./spec/system/03_finishing_touches_spec.rb:297:in `block (5 levels) in <main>'

  37) [STEP3] 仕上げのテスト 他人の画面のテスト 他人のユーザ詳細画面のテスト サイドバーの確認 自分の名前と紹介文は表示されない
      Failure/Error: expect(page).not_to have_content user.name
        expected not to find text "y76xwicacr" in "Bookers\nHome Users Books Log out\nUser info\nname y76xwicacr introduction tcnsea5b7riu33vow6kn\nNew book\nTitle\nOpinion\nBooks\nTitle Opinion zufe7 pdyx1nlo6j2wkicohm0v czxpa 0bykp1gpplvw8aay3av3\nCopyRight Infratop.inc"
      # ./spec/system/03_finishing_touches_spec.rb:300:in `block (5 levels) in <main>'

  38) [STEP3] 仕上げのテスト 他人の画面のテスト 他人のユーザ詳細画面のテスト サイドバーの確認 自分のユーザ編集画面へのリンクは存在しない
      Failure/Error: expect(page).not_to have_link '', href: edit_user_path(user)
        expected not to find visible link "" with href "/users/2/edit", found 1 match: ""
      # ./spec/system/03_finishing_touches_spec.rb:304:in `block (5 levels) in <main>'

  39) [STEP3] 仕上げのテスト 他人の画面のテスト 他人のユーザ情報編集画面 遷移できず、自分のユーザ詳細画面にリダイレクトされる
      Failure/Error: expect(current_path).to eq '/users/' + user.id.to_s

        expected: "/users/2"
             got: "/users/1/edit"

        (compared using ==)
      # ./spec/system/03_finishing_touches_spec.rb:312:in `block (4 levels) in <main>'

  40) [STEP3] 仕上げのテスト アイコンのテスト アバウト画面 本のアイコンが表示される
      Failure/Error: visit '/home/about'

      ActionController::RoutingError:
        No route matches [GET] "/home/about"
      # /home/ec2-user/.rvm/gems/ruby-2.6.3/gems/railties-6.1.5/lib/rails/rack/logger.rb:37:in `call_app'
      # /home/ec2-user/.rvm/gems/ruby-2.6.3/gems/railties-6.1.5/lib/rails/rack/logger.rb:26:in `block in call'
      # /home/ec2-user/.rvm/gems/ruby-2.6.3/gems/railties-6.1.5/lib/rails/rack/logger.rb:26:in `call'
      # /home/ec2-user/.rvm/gems/ruby-2.6.3/gems/rack-2.2.3/lib/rack/method_override.rb:24:in `call'
      # /home/ec2-user/.rvm/gems/ruby-2.6.3/gems/rack-2.2.3/lib/rack/runtime.rb:22:in `call'
      # /home/ec2-user/.rvm/gems/ruby-2.6.3/gems/rack-2.2.3/lib/rack/sendfile.rb:110:in `call'
      # /home/ec2-user/.rvm/gems/ruby-2.6.3/gems/railties-6.1.5/lib/rails/engine.rb:539:in `call'
      # /home/ec2-user/.rvm/gems/ruby-2.6.3/gems/rack-2.2.3/lib/rack/urlmap.rb:74:in `block in call'
      # /home/ec2-user/.rvm/gems/ruby-2.6.3/gems/rack-2.2.3/lib/rack/urlmap.rb:58:in `each'
      # /home/ec2-user/.rvm/gems/ruby-2.6.3/gems/rack-2.2.3/lib/rack/urlmap.rb:58:in `call'
      # /home/ec2-user/.rvm/gems/ruby-2.6.3/gems/rack-2.2.3/lib/rack/builder.rb:244:in `call'
      # /home/ec2-user/.rvm/gems/ruby-2.6.3/gems/rack-test-1.1.0/lib/rack/mock_session.rb:29:in `request'
      # /home/ec2-user/.rvm/gems/ruby-2.6.3/gems/rack-test-1.1.0/lib/rack/test.rb:266:in `process_request'
      # /home/ec2-user/.rvm/gems/ruby-2.6.3/gems/rack-test-1.1.0/lib/rack/test.rb:129:in `custom_request'
      # /home/ec2-user/.rvm/gems/ruby-2.6.3/gems/rack-test-1.1.0/lib/rack/test.rb:58:in `get'
      # /home/ec2-user/.rvm/gems/ruby-2.6.3/gems/capybara-3.36.0/lib/capybara/rack_test/browser.rb:72:in `process'
      # /home/ec2-user/.rvm/gems/ruby-2.6.3/gems/capybara-3.36.0/lib/capybara/rack_test/browser.rb:47:in `process_and_follow_redirects'
      # /home/ec2-user/.rvm/gems/ruby-2.6.3/gems/capybara-3.36.0/lib/capybara/rack_test/browser.rb:24:in `visit'
      # /home/ec2-user/.rvm/gems/ruby-2.6.3/gems/capybara-3.36.0/lib/capybara/rack_test/driver.rb:46:in `visit'
      # /home/ec2-user/.rvm/gems/ruby-2.6.3/gems/capybara-3.36.0/lib/capybara/session.rb:278:in `visit'
      # /home/ec2-user/.rvm/gems/ruby-2.6.3/gems/capybara-3.36.0/lib/capybara/dsl.rb:58:in `block (2 levels) in <module:DSL>'
      # ./spec/system/03_finishing_touches_spec.rb:366:in `block (4 levels) in <main>'

Finished in 17.89 seconds (files took 1.65 seconds to load)
199 examples, 40 failures

Failed examples:

rspec ./spec/system/01_before_login_spec.rb:25 # [STEP1] ユーザログイン前のテスト トップ画面のテスト 表示内容の確認 Sign upリンクの内容が正しい
rspec ./spec/system/01_before_login_spec.rb:38 # [STEP1] ユーザログイン前のテスト アバウト画面のテスト 表示内容の確認 URLが正しい
rspec ./spec/system/01_before_login_spec.rb:62 # [STEP1] ユーザログイン前のテスト ヘッダーのテスト: ログインしていない場合 表示内容の確認 Sign upリンクが表示される: 左上から4番目のリンクが「Sign up」である
rspec ./spec/system/01_before_login_spec.rb:89 # [STEP1] ユーザログイン前のテスト ヘッダーのテスト: ログインしていない場合 リンクの内容を確認 Aboutを押すと、アバウト画面に遷移する
rspec ./spec/system/01_before_login_spec.rb:258 # [STEP1] ユーザログイン前のテスト ユーザログアウトのテスト ログアウト機能のテスト 正しくログアウトできている: ログアウト後のリダイレクト先においてAbout画面へのリンクが存在する
rspec ./spec/system/02_after_login_spec.rb:50 # [STEP2] ユーザログイン後のテスト 投稿一覧画面のテスト 表示内容の確認 自分と他人の画像のリンク先が正しい
rspec ./spec/system/02_after_login_spec.rb:54 # [STEP2] ユーザログイン後のテスト 投稿一覧画面のテスト 表示内容の確認 自分の投稿と他人の投稿のタイトルのリンク先がそれぞれ正しい
rspec ./spec/system/02_after_login_spec.rb:87 # [STEP2] ユーザログイン後のテスト 投稿一覧画面のテスト サイドバーの確認 Create Bookボタンが表示される
rspec ./spec/system/02_after_login_spec.rb:98 # [STEP2] ユーザログイン後のテスト 投稿一覧画面のテスト 投稿成功のテスト 自分の新しい投稿が正しく保存される
rspec ./spec/system/02_after_login_spec.rb:101 # [STEP2] ユーザログイン後のテスト 投稿一覧画面のテスト 投稿成功のテスト リダイレクト先が、保存できた投稿の詳細画面になっている
rspec ./spec/system/02_after_login_spec.rb:160 # [STEP2] ユーザログイン後のテスト 自分の投稿詳細画面のテスト サイドバーの確認 Create Bookボタンが表示される
rspec ./spec/system/02_after_login_spec.rb:171 # [STEP2] ユーザログイン後のテスト 自分の投稿詳細画面のテスト 投稿成功のテスト 自分の新しい投稿が正しく保存される
rspec ./spec/system/02_after_login_spec.rb:270 # [STEP2] ユーザログイン後のテスト ユーザ一覧画面のテスト 表示内容の確認 自分と他人の名前がそれぞれ表示される
rspec ./spec/system/02_after_login_spec.rb:274 # [STEP2] ユーザログイン後のテスト ユーザ一覧画面のテスト 表示内容の確認 自分と他人のshowリンクがそれぞれ表示される
rspec ./spec/system/02_after_login_spec.rb:303 # [STEP2] ユーザログイン後のテスト ユーザ一覧画面のテスト サイドバーの確認 Create Bookボタンが表示される
rspec ./spec/system/02_after_login_spec.rb:321 # [STEP2] ユーザログイン後のテスト 自分のユーザ詳細画面のテスト 表示の確認 投稿一覧に自分の投稿のtitleが表示され、リンクが正しい
rspec ./spec/system/02_after_login_spec.rb:327 # [STEP2] ユーザログイン後のテスト 自分のユーザ詳細画面のテスト 表示の確認 他人の投稿は表示されない
rspec ./spec/system/02_after_login_spec.rb:357 # [STEP2] ユーザログイン後のテスト 自分のユーザ詳細画面のテスト サイドバーの確認 Create Bookボタンが表示される
rspec ./spec/system/03_finishing_touches_spec.rb:38 # [STEP3] 仕上げのテスト サクセスメッセージのテスト ユーザのプロフィール情報更新成功時
rspec ./spec/system/03_finishing_touches_spec.rb:47 # [STEP3] 仕上げのテスト サクセスメッセージのテスト 投稿データの新規投稿成功時: 投稿一覧画面から行います。
rspec ./spec/system/03_finishing_touches_spec.rb:131 # [STEP3] 仕上げのテスト 処理失敗時のテスト 投稿データの新規投稿失敗: 投稿一覧画面から行い、titleを空にする 投稿が保存されない
rspec ./spec/system/03_finishing_touches_spec.rb:134 # [STEP3] 仕上げのテスト 処理失敗時のテスト 投稿データの新規投稿失敗: 投稿一覧画面から行い、titleを空にする 投稿一覧画面を表示している
rspec ./spec/system/03_finishing_touches_spec.rb:144 # [STEP3] 仕上げのテスト 処理失敗時のテスト 投稿データの新規投稿失敗: 投稿一覧画面から行い、titleを空にする バリデーションエラーが表示される
rspec ./spec/system/03_finishing_touches_spec.rb:170 # [STEP3] 仕上げのテスト 処理失敗時のテスト 投稿データの更新失敗: titleを空にする エラーメッセージが表示される
rspec ./spec/system/03_finishing_touches_spec.rb:225 # [STEP3] 仕上げのテスト 他人の画面のテスト 他人の投稿詳細画面のテスト 表示内容の確認 ユーザ画像・名前のリンク先が正しい
rspec ./spec/system/03_finishing_touches_spec.rb:234 # [STEP3] 仕上げのテスト 他人の画面のテスト 他人の投稿詳細画面のテスト 表示内容の確認 投稿の編集リンクが表示されない
rspec ./spec/system/03_finishing_touches_spec.rb:237 # [STEP3] 仕上げのテスト 他人の画面のテスト 他人の投稿詳細画面のテスト 表示内容の確認 投稿の削除リンクが表示されない
rspec ./spec/system/03_finishing_touches_spec.rb:243 # [STEP3] 仕上げのテスト 他人の画面のテスト 他人の投稿詳細画面のテスト サイドバーの確認 他人の名前と紹介文が表示される
rspec ./spec/system/03_finishing_touches_spec.rb:247 # [STEP3] 仕上げのテスト 他人の画面のテスト 他人の投稿詳細画面のテスト サイドバーの確認 他人のユーザ編集画面へのリンクが存在する
rspec ./spec/system/03_finishing_touches_spec.rb:250 # [STEP3] 仕上げのテスト 他人の画面のテスト 他人の投稿詳細画面のテスト サイドバーの確認 自分の名前と紹介文は表示されない
rspec ./spec/system/03_finishing_touches_spec.rb:254 # [STEP3] 仕上げのテスト 他人の画面のテスト 他人の投稿詳細画面のテスト サイドバーの確認 自分のユーザ編集画面へのリンクは存在しない
rspec ./spec/system/03_finishing_touches_spec.rb:261 # [STEP3] 仕上げのテスト 他人の画面のテスト 他人の投稿編集画面 遷移できず、投稿一覧画面にリダイレクトされる
rspec ./spec/system/03_finishing_touches_spec.rb:276 # [STEP3] 仕上げのテスト 他人の画面のテスト 他人のユーザ詳細画面のテスト 表示の確認 投稿一覧のユーザ画像のリンク先が正しい
rspec ./spec/system/03_finishing_touches_spec.rb:285 # [STEP3] 仕上げのテスト 他人の画面のテスト 他人のユーザ詳細画面のテスト 表示の確認 自分の投稿は表示されない
rspec ./spec/system/03_finishing_touches_spec.rb:292 # [STEP3] 仕上げのテスト 他人の画面のテスト 他人のユーザ詳細画面のテスト サイドバーの確認 他人の名前と紹介文が表示される
rspec ./spec/system/03_finishing_touches_spec.rb:296 # [STEP3] 仕上げのテスト 他人の画面のテスト 他人のユーザ詳細画面のテスト サイドバーの確認 他人のユーザ編集画面へのリンクが存在する
rspec ./spec/system/03_finishing_touches_spec.rb:299 # [STEP3] 仕上げのテスト 他人の画面のテスト 他人のユーザ詳細画面のテスト サイドバーの確認 自分の名前と紹介文は表示されない
rspec ./spec/system/03_finishing_touches_spec.rb:303 # [STEP3] 仕上げのテスト 他人の画面のテスト 他人のユーザ詳細画面のテスト サイドバーの確認 自分のユーザ編集画面へのリンクは存在しない
rspec ./spec/system/03_finishing_touches_spec.rb:310 # [STEP3] 仕上げのテスト 他人の画面のテスト 他人のユーザ情報編集画面 遷移できず、自分のユーザ詳細画面にリダイレクトされる
rspec ./spec/system/03_finishing_touches_spec.rb:369 # [STEP3] 仕上げのテスト アイコンのテスト アバウト画面 本のアイコンが表示される

